#
# There is insufficient memory for the Java Runtime Environment to continue.
# Native memory allocation (malloc) failed to allocate 1100576 bytes for Chunk::new
# Possible reasons:
#   The system is out of physical RAM or swap space
#   The process is running with CompressedOops enabled, and the Java Heap may be blocking the growth of the native heap
# Possible solutions:
#   Reduce memory load on the system
#   Increase physical memory or swap space
#   Check if swap backing store is full
#   Decrease Java heap size (-Xmx/-Xms)
#   Decrease number of Java threads
#   Decrease Java thread stack sizes (-Xss)
#   Set larger code cache with -XX:ReservedCodeCacheSize=
#   JVM is running with Unscaled Compressed Oops mode in which the Java heap is
#     placed in the first 4GB address space. The Java Heap base address is the
#     maximum limit for the native heap growth. Please use -XX:HeapBaseMinAddress
#     to set the Java Heap base and to place the Java Heap above 4GB virtual address.
# This output file may be truncated or incomplete.
#
#  Out of Memory Error (./src/hotspot/share/memory/arena.cpp:197), pid=34536, tid=2936
#
# JRE version: OpenJDK Runtime Environment (11.0.12+7) (build 11.0.12+7-b1504.28-7817840)
# Java VM: OpenJDK 64-Bit Server VM (11.0.12+7-b1504.28-7817840, mixed mode, tiered, compressed oops, g1 gc, windows-amd64)
# No core dump will be written. Minidumps are not enabled by default on client versions of Windows
#

---------------  S U M M A R Y ------------

Command Line: --add-opens=java.base/java.util=ALL-UNNAMED --add-opens=java.base/java.lang=ALL-UNNAMED --add-opens=java.base/java.lang.invoke=ALL-UNNAMED --add-opens=java.base/java.util=ALL-UNNAMED --add-opens=java.prefs/java.util.prefs=ALL-UNNAMED --add-opens=java.prefs/java.util.prefs=ALL-UNNAMED --add-opens=java.base/java.nio.charset=ALL-UNNAMED --add-opens=java.base/java.net=ALL-UNNAMED --add-opens=java.base/java.util.concurrent.atomic=ALL-UNNAMED -Xmx2048m -Dfile.encoding=UTF-8 -Duser.country=CA -Duser.language=en -Duser.variant org.gradle.launcher.daemon.bootstrap.GradleDaemon 7.3.3

Host: 11th Gen Intel(R) Core(TM) i5-1135G7 @ 2.40GHz, 8 cores, 15G,  Windows 10 , 64 bit Build 22000 (10.0.22000.675)
Time: Sun Jun 19 00:00:55 2022 Eastern Daylight Time elapsed time: 16.194176 seconds (0d 0h 0m 16s)

---------------  T H R E A D  ---------------

Current thread (0x000001ab86854800):  JavaThread "C2 CompilerThread1" daemon [_thread_in_native, id=2936, stack(0x0000003a0d800000,0x0000003a0d900000)]


Current CompileTask:
C2:  16194 3567       4       org.objectweb.asm.Frame::execute (2318 bytes)

Stack: [0x0000003a0d800000,0x0000003a0d900000]
Native frames: (J=compiled Java code, j=interpreted, Vv=VM code, C=native code)
V  [jvm.dll+0x5fbcea]
V  [jvm.dll+0x731905]
V  [jvm.dll+0x732f1d]
V  [jvm.dll+0x7335d3]
V  [jvm.dll+0x247bf8]
V  [jvm.dll+0xc018c]
V  [jvm.dll+0xc06cc]
V  [jvm.dll+0x2bcc04]
V  [jvm.dll+0x5113a8]
V  [jvm.dll+0x208303]
V  [jvm.dll+0x201fe0]
V  [jvm.dll+0x1ff71f]
V  [jvm.dll+0x18868c]
V  [jvm.dll+0x20e0d7]
V  [jvm.dll+0x20c901]
V  [jvm.dll+0x6f9b7f]
V  [jvm.dll+0x6f26a5]
V  [jvm.dll+0x5fabf6]
C  [ucrtbase.dll+0x26c0c]
C  [KERNEL32.DLL+0x154e0]
C  [ntdll.dll+0x485b]


---------------  P R O C E S S  ---------------

Threads class SMR info:
_java_thread_list=0x000001ab88d42c60, length=35, elements={
0x000001abe92de800, 0x000001ab84035800, 0x000001ab84036000, 0x000001ab84097800,
0x000001ab84098800, 0x000001ab8409a000, 0x000001ab8409e000, 0x000001ab840a1000,
0x000001ab840ad800, 0x000001ab8422b000, 0x000001ab859da000, 0x000001ab864bd000,
0x000001ab858d1000, 0x000001ab8662f800, 0x000001ab855df800, 0x000001ab8645d800,
0x000001ab8645e800, 0x000001ab85695000, 0x000001ab84e31800, 0x000001ab84e24000,
0x000001ab84e25800, 0x000001ab84e25000, 0x000001ab84e22800, 0x000001ab84e26800,
0x000001ab84e23000, 0x000001ab84e28000, 0x000001ab84e27000, 0x000001ab84e29000,
0x000001ab8879a800, 0x000001ab8879b800, 0x000001ab86854800, 0x000001ab887a1000,
0x000001ab8879d000, 0x000001ab87071000, 0x000001ab8879c000
}

Java Threads: ( => current thread )
  0x000001abe92de800 JavaThread "main" [_thread_blocked, id=10784, stack(0x0000003a0ab00000,0x0000003a0ac00000)]
  0x000001ab84035800 JavaThread "Reference Handler" daemon [_thread_blocked, id=21496, stack(0x0000003a0b200000,0x0000003a0b300000)]
  0x000001ab84036000 JavaThread "Finalizer" daemon [_thread_blocked, id=28664, stack(0x0000003a0b300000,0x0000003a0b400000)]
  0x000001ab84097800 JavaThread "Signal Dispatcher" daemon [_thread_blocked, id=33428, stack(0x0000003a0b400000,0x0000003a0b500000)]
  0x000001ab84098800 JavaThread "Attach Listener" daemon [_thread_blocked, id=34908, stack(0x0000003a0b500000,0x0000003a0b600000)]
  0x000001ab8409a000 JavaThread "Service Thread" daemon [_thread_blocked, id=11016, stack(0x0000003a0b600000,0x0000003a0b700000)]
  0x000001ab8409e000 JavaThread "C2 CompilerThread0" daemon [_thread_in_native, id=22388, stack(0x0000003a0b700000,0x0000003a0b800000)]
  0x000001ab840a1000 JavaThread "C1 CompilerThread0" daemon [_thread_blocked, id=4180, stack(0x0000003a0b800000,0x0000003a0b900000)]
  0x000001ab840ad800 JavaThread "Sweeper thread" daemon [_thread_blocked, id=33636, stack(0x0000003a0b900000,0x0000003a0ba00000)]
  0x000001ab8422b000 JavaThread "Common-Cleaner" daemon [_thread_blocked, id=19064, stack(0x0000003a0ba00000,0x0000003a0bb00000)]
  0x000001ab859da000 JavaThread "Daemon health stats" [_thread_blocked, id=14996, stack(0x0000003a0c200000,0x0000003a0c300000)]
  0x000001ab864bd000 JavaThread "Incoming local TCP Connector on port 62764" [_thread_in_native, id=18864, stack(0x0000003a0bc00000,0x0000003a0bd00000)]
  0x000001ab858d1000 JavaThread "Daemon periodic checks" [_thread_in_native, id=164, stack(0x0000003a0c400000,0x0000003a0c500000)]
  0x000001ab8662f800 JavaThread "Daemon" [_thread_blocked, id=1912, stack(0x0000003a0c500000,0x0000003a0c600000)]
  0x000001ab855df800 JavaThread "Handler for socket connection from /127.0.0.1:62764 to /127.0.0.1:62766" [_thread_in_native, id=20556, stack(0x0000003a0c600000,0x0000003a0c700000)]
  0x000001ab8645d800 JavaThread "Cancel handler" [_thread_blocked, id=26412, stack(0x0000003a0c700000,0x0000003a0c800000)]
  0x000001ab8645e800 JavaThread "Daemon worker" [_thread_in_vm, id=29196, stack(0x0000003a0c800000,0x0000003a0c900000)]
  0x000001ab85695000 JavaThread "Asynchronous log dispatcher for DefaultDaemonConnection: socket connection from /127.0.0.1:62764 to /127.0.0.1:62766" [_thread_blocked, id=31408, stack(0x0000003a0c900000,0x0000003a0ca00000)]
  0x000001ab84e31800 JavaThread "Stdin handler" [_thread_blocked, id=12228, stack(0x0000003a0ca00000,0x0000003a0cb00000)]
  0x000001ab84e24000 JavaThread "Daemon client event forwarder" [_thread_blocked, id=35752, stack(0x0000003a0cb00000,0x0000003a0cc00000)]
  0x000001ab84e25800 JavaThread "Cache worker for journal cache (C:\Users\khbul\.gradle\caches\journal-1)" [_thread_blocked, id=22732, stack(0x0000003a0cc00000,0x0000003a0cd00000)]
  0x000001ab84e25000 JavaThread "File lock request listener" [_thread_in_native, id=32676, stack(0x0000003a0cd00000,0x0000003a0ce00000)]
  0x000001ab84e22800 JavaThread "Cache worker for file hash cache (C:\Users\khbul\.gradle\caches\7.3.3\fileHashes)" [_thread_blocked, id=4688, stack(0x0000003a0ce00000,0x0000003a0cf00000)]
  0x000001ab84e26800 JavaThread "Cache worker for file hash cache (C:\Users\khbul\AndroidStudioProjects\FabBoutiqueApplication\.gradle\7.3.3\fileHashes)" [_thread_blocked, id=21812, stack(0x0000003a0d200000,0x0000003a0d300000)]
  0x000001ab84e23000 JavaThread "File watcher server" daemon [_thread_in_native, id=18012, stack(0x0000003a0c300000,0x0000003a0c400000)]
  0x000001ab84e28000 JavaThread "File watcher consumer" daemon [_thread_blocked, id=24592, stack(0x0000003a0d300000,0x0000003a0d400000)]
  0x000001ab84e27000 JavaThread "Cache worker for checksums cache (C:\Users\khbul\AndroidStudioProjects\FabBoutiqueApplication\.gradle\7.3.3\checksums)" [_thread_blocked, id=29840, stack(0x0000003a0d400000,0x0000003a0d500000)]
  0x000001ab84e29000 JavaThread "Cache worker for cache directory md-supplier (C:\Users\khbul\.gradle\caches\7.3.3\md-supplier)" [_thread_blocked, id=25376, stack(0x0000003a0d500000,0x0000003a0d600000)]
  0x000001ab8879a800 JavaThread "Cache worker for cache directory md-rule (C:\Users\khbul\.gradle\caches\7.3.3\md-rule)" [_thread_blocked, id=27700, stack(0x0000003a0d600000,0x0000003a0d700000)]
  0x000001ab8879b800 JavaThread "Cache worker for execution history cache (C:\Users\khbul\.gradle\caches\7.3.3\executionHistory)" [_thread_blocked, id=21456, stack(0x0000003a0d700000,0x0000003a0d800000)]
=>0x000001ab86854800 JavaThread "C2 CompilerThread1" daemon [_thread_in_native, id=2936, stack(0x0000003a0d800000,0x0000003a0d900000)]
  0x000001ab887a1000 JavaThread "jar transforms" [_thread_blocked, id=15116, stack(0x0000003a0da00000,0x0000003a0db00000)]
  0x000001ab8879d000 JavaThread "Cache worker for file content cache (C:\Users\khbul\.gradle\caches\7.3.3\fileContent)" [_thread_blocked, id=27216, stack(0x0000003a0db00000,0x0000003a0dc00000)]
  0x000001ab87071000 JavaThread "C2 CompilerThread2" daemon [_thread_in_native, id=4108, stack(0x0000003a0d900000,0x0000003a0da00000)]
  0x000001ab8879c000 JavaThread "jar transforms Thread 2" [_thread_blocked, id=16944, stack(0x0000003a0dc00000,0x0000003a0dd00000)]

Other Threads:
  0x000001abff79e000 VMThread "VM Thread" [stack: 0x0000003a0b100000,0x0000003a0b200000] [id=12324]
  0x000001ab84236000 WatcherThread [stack: 0x0000003a0bb00000,0x0000003a0bc00000] [id=28212]
  0x000001abe92f7800 GCTaskThread "GC Thread#0" [stack: 0x0000003a0ac00000,0x0000003a0ad00000] [id=26304]
  0x000001ab84eb6800 GCTaskThread "GC Thread#1" [stack: 0x0000003a0bd00000,0x0000003a0be00000] [id=17312]
  0x000001ab84d33800 GCTaskThread "GC Thread#2" [stack: 0x0000003a0be00000,0x0000003a0bf00000] [id=13408]
  0x000001ab84d0c800 GCTaskThread "GC Thread#3" [stack: 0x0000003a0bf00000,0x0000003a0c000000] [id=22628]
  0x000001ab84cdf000 GCTaskThread "GC Thread#4" [stack: 0x0000003a0c000000,0x0000003a0c100000] [id=7960]
  0x000001ab84ce0000 GCTaskThread "GC Thread#5" [stack: 0x0000003a0c100000,0x0000003a0c200000] [id=29996]
  0x000001ab84d5b800 GCTaskThread "GC Thread#6" [stack: 0x0000003a0cf00000,0x0000003a0d000000] [id=33764]
  0x000001ab8437c800 GCTaskThread "GC Thread#7" [stack: 0x0000003a0d000000,0x0000003a0d100000] [id=14104]
  0x000001abe9329800 ConcurrentGCThread "G1 Main Marker" [stack: 0x0000003a0ad00000,0x0000003a0ae00000] [id=32084]
  0x000001abe932b800 ConcurrentGCThread "G1 Conc#0" [stack: 0x0000003a0ae00000,0x0000003a0af00000] [id=1624]
  0x000001ab84d6f000 ConcurrentGCThread "G1 Conc#1" [stack: 0x0000003a0d100000,0x0000003a0d200000] [id=18076]
  0x000001abff621000 ConcurrentGCThread "G1 Refine#0" [stack: 0x0000003a0af00000,0x0000003a0b000000] [id=20964]
  0x000001abff622000 ConcurrentGCThread "G1 Young RemSet Sampling" [stack: 0x0000003a0b000000,0x0000003a0b100000] [id=35660]

Threads with active compile tasks:
C2 CompilerThread0  16619 3613       4       org.codehaus.groovy.runtime.metaclass.MetaMethodIndex::addMethodToList (131 bytes)
C2 CompilerThread1  16629 3567       4       org.objectweb.asm.Frame::execute (2318 bytes)
C2 CompilerThread2  16630 3614       4       org.codehaus.groovy.runtime.metaclass.MetaMethodIndex::getOrPutMethods (184 bytes)

VM state:not at safepoint (normal execution)

VM Mutex/Monitor currently owned by a thread: None

Heap address: 0x0000000080000000, size: 2048 MB, Compressed Oops mode: 32-bit
Narrow klass base: 0x0000000000000000, Narrow klass shift: 3
Compressed class space size: 1073741824 Address: 0x0000000100000000

Heap:
 garbage-first heap   total 258048K, used 86678K [0x0000000080000000, 0x0000000100000000)
  region size 1024K, 67 young (68608K), 6 survivors (6144K)
 Metaspace       used 39872K, capacity 40845K, committed 41088K, reserved 1085440K
  class space    used 5109K, capacity 5434K, committed 5504K, reserved 1048576K
Heap Regions: E=young(eden), S=young(survivor), O=old, HS=humongous(starts), HC=humongous(continues), CS=collection set, F=free, A=archive, TAMS=top-at-mark-start (previous, next)
|   0|0x0000000080000000, 0x0000000080100000, 0x0000000080100000|100%| O|  |TAMS 0x0000000080100000, 0x0000000080000000| Untracked 
|   1|0x0000000080100000, 0x0000000080200000, 0x0000000080200000|100%| O|  |TAMS 0x0000000080200000, 0x0000000080100000| Untracked 
|   2|0x0000000080200000, 0x0000000080300000, 0x0000000080300000|100%| O|  |TAMS 0x0000000080300000, 0x0000000080200000| Untracked 
|   3|0x0000000080300000, 0x0000000080400000, 0x0000000080400000|100%|HS|  |TAMS 0x0000000080400000, 0x0000000080300000| Complete 
|   4|0x0000000080400000, 0x0000000080500000, 0x0000000080500000|100%|HC|  |TAMS 0x0000000080500000, 0x0000000080400000| Complete 
|   5|0x0000000080500000, 0x0000000080600000, 0x0000000080600000|100%|HC|  |TAMS 0x0000000080600000, 0x0000000080500000| Complete 
|   6|0x0000000080600000, 0x0000000080700000, 0x0000000080700000|100%| O|  |TAMS 0x0000000080700000, 0x0000000080600000| Untracked 
|   7|0x0000000080700000, 0x0000000080800000, 0x0000000080800000|100%| O|  |TAMS 0x0000000080800000, 0x0000000080700000| Untracked 
|   8|0x0000000080800000, 0x0000000080900000, 0x0000000080900000|100%| O|  |TAMS 0x0000000080900000, 0x0000000080800000| Untracked 
|   9|0x0000000080900000, 0x0000000080a00000, 0x0000000080a00000|100%| O|  |TAMS 0x0000000080a00000, 0x0000000080900000| Untracked 
|  10|0x0000000080a00000, 0x0000000080b00000, 0x0000000080b00000|100%| O|  |TAMS 0x0000000080b00000, 0x0000000080a00000| Untracked 
|  11|0x0000000080b00000, 0x0000000080c00000, 0x0000000080c00000|100%| O|  |TAMS 0x0000000080c00000, 0x0000000080b00000| Untracked 
|  12|0x0000000080c00000, 0x0000000080d00000, 0x0000000080d00000|100%| O|  |TAMS 0x0000000080d00000, 0x0000000080c00000| Untracked 
|  13|0x0000000080d00000, 0x0000000080e00000, 0x0000000080e00000|100%| O|  |TAMS 0x0000000080e00000, 0x0000000080d00000| Untracked 
|  14|0x0000000080e00000, 0x0000000080f00000, 0x0000000080f00000|100%| O|  |TAMS 0x0000000080f00000, 0x0000000080e00000| Untracked 
|  15|0x0000000080f00000, 0x0000000081000000, 0x0000000081000000|100%| O|  |TAMS 0x0000000081000000, 0x0000000080f00000| Untracked 
|  16|0x0000000081000000, 0x000000008105fa00, 0x0000000081100000| 37%| O|  |TAMS 0x000000008105fa00, 0x0000000081000000| Untracked 
|  17|0x0000000081100000, 0x0000000081200000, 0x0000000081200000|100%|HS|  |TAMS 0x0000000081100000, 0x0000000081100000| Complete 
|  18|0x0000000081200000, 0x0000000081300000, 0x0000000081300000|100%|HS|  |TAMS 0x0000000081200000, 0x0000000081200000| Complete 
|  19|0x0000000081300000, 0x0000000081400000, 0x0000000081400000|100%|HC|  |TAMS 0x0000000081300000, 0x0000000081300000| Complete 
|  20|0x0000000081400000, 0x0000000081400000, 0x0000000081500000|  0%| F|  |TAMS 0x0000000081400000, 0x0000000081400000| Untracked 
|  21|0x0000000081500000, 0x0000000081500000, 0x0000000081600000|  0%| F|  |TAMS 0x0000000081500000, 0x0000000081500000| Untracked 
|  22|0x0000000081600000, 0x0000000081600000, 0x0000000081700000|  0%| F|  |TAMS 0x0000000081600000, 0x0000000081600000| Untracked 
|  23|0x0000000081700000, 0x0000000081700000, 0x0000000081800000|  0%| F|  |TAMS 0x0000000081700000, 0x0000000081700000| Untracked 
|  24|0x0000000081800000, 0x0000000081800000, 0x0000000081900000|  0%| F|  |TAMS 0x0000000081800000, 0x0000000081800000| Untracked 
|  25|0x0000000081900000, 0x0000000081900000, 0x0000000081a00000|  0%| F|  |TAMS 0x0000000081900000, 0x0000000081900000| Untracked 
|  26|0x0000000081a00000, 0x0000000081a00000, 0x0000000081b00000|  0%| F|  |TAMS 0x0000000081a00000, 0x0000000081a00000| Untracked 
|  27|0x0000000081b00000, 0x0000000081b00000, 0x0000000081c00000|  0%| F|  |TAMS 0x0000000081b00000, 0x0000000081b00000| Untracked 
|  28|0x0000000081c00000, 0x0000000081c00000, 0x0000000081d00000|  0%| F|  |TAMS 0x0000000081c00000, 0x0000000081c00000| Untracked 
|  29|0x0000000081d00000, 0x0000000081d00000, 0x0000000081e00000|  0%| F|  |TAMS 0x0000000081d00000, 0x0000000081d00000| Untracked 
|  30|0x0000000081e00000, 0x0000000081e00000, 0x0000000081f00000|  0%| F|  |TAMS 0x0000000081e00000, 0x0000000081e00000| Untracked 
|  31|0x0000000081f00000, 0x0000000081f00000, 0x0000000082000000|  0%| F|  |TAMS 0x0000000081f00000, 0x0000000081f00000| Untracked 
|  32|0x0000000082000000, 0x0000000082000000, 0x0000000082100000|  0%| F|  |TAMS 0x0000000082000000, 0x0000000082000000| Untracked 
|  33|0x0000000082100000, 0x0000000082100000, 0x0000000082200000|  0%| F|  |TAMS 0x0000000082100000, 0x0000000082100000| Untracked 
|  34|0x0000000082200000, 0x0000000082200000, 0x0000000082300000|  0%| F|  |TAMS 0x0000000082200000, 0x0000000082200000| Untracked 
|  35|0x0000000082300000, 0x0000000082300000, 0x0000000082400000|  0%| F|  |TAMS 0x0000000082300000, 0x0000000082300000| Untracked 
|  36|0x0000000082400000, 0x0000000082400000, 0x0000000082500000|  0%| F|  |TAMS 0x0000000082400000, 0x0000000082400000| Untracked 
|  37|0x0000000082500000, 0x0000000082500000, 0x0000000082600000|  0%| F|  |TAMS 0x0000000082500000, 0x0000000082500000| Untracked 
|  38|0x0000000082600000, 0x0000000082600000, 0x0000000082700000|  0%| F|  |TAMS 0x0000000082600000, 0x0000000082600000| Untracked 
|  39|0x0000000082700000, 0x0000000082700000, 0x0000000082800000|  0%| F|  |TAMS 0x0000000082700000, 0x0000000082700000| Untracked 
|  40|0x0000000082800000, 0x0000000082800000, 0x0000000082900000|  0%| F|  |TAMS 0x0000000082800000, 0x0000000082800000| Untracked 
|  41|0x0000000082900000, 0x0000000082900000, 0x0000000082a00000|  0%| F|  |TAMS 0x0000000082900000, 0x0000000082900000| Untracked 
|  42|0x0000000082a00000, 0x0000000082a00000, 0x0000000082b00000|  0%| F|  |TAMS 0x0000000082a00000, 0x0000000082a00000| Untracked 
|  43|0x0000000082b00000, 0x0000000082b00000, 0x0000000082c00000|  0%| F|  |TAMS 0x0000000082b00000, 0x0000000082b00000| Untracked 
|  44|0x0000000082c00000, 0x0000000082c00000, 0x0000000082d00000|  0%| F|  |TAMS 0x0000000082c00000, 0x0000000082c00000| Untracked 
|  45|0x0000000082d00000, 0x0000000082d00000, 0x0000000082e00000|  0%| F|  |TAMS 0x0000000082d00000, 0x0000000082d00000| Untracked 
|  46|0x0000000082e00000, 0x0000000082e00000, 0x0000000082f00000|  0%| F|  |TAMS 0x0000000082e00000, 0x0000000082e00000| Untracked 
|  47|0x0000000082f00000, 0x0000000082f00000, 0x0000000083000000|  0%| F|  |TAMS 0x0000000082f00000, 0x0000000082f00000| Untracked 
|  48|0x0000000083000000, 0x0000000083000000, 0x0000000083100000|  0%| F|  |TAMS 0x0000000083000000, 0x0000000083000000| Untracked 
|  49|0x0000000083100000, 0x0000000083100000, 0x0000000083200000|  0%| F|  |TAMS 0x0000000083100000, 0x0000000083100000| Untracked 
|  50|0x0000000083200000, 0x0000000083200000, 0x0000000083300000|  0%| F|  |TAMS 0x0000000083200000, 0x0000000083200000| Untracked 
|  51|0x0000000083300000, 0x0000000083300000, 0x0000000083400000|  0%| F|  |TAMS 0x0000000083300000, 0x0000000083300000| Untracked 
|  52|0x0000000083400000, 0x0000000083400000, 0x0000000083500000|  0%| F|  |TAMS 0x0000000083400000, 0x0000000083400000| Untracked 
|  53|0x0000000083500000, 0x0000000083500000, 0x0000000083600000|  0%| F|  |TAMS 0x0000000083500000, 0x0000000083500000| Untracked 
|  54|0x0000000083600000, 0x0000000083600000, 0x0000000083700000|  0%| F|  |TAMS 0x0000000083600000, 0x0000000083600000| Untracked 
|  55|0x0000000083700000, 0x0000000083700000, 0x0000000083800000|  0%| F|  |TAMS 0x0000000083700000, 0x0000000083700000| Untracked 
|  56|0x0000000083800000, 0x0000000083800000, 0x0000000083900000|  0%| F|  |TAMS 0x0000000083800000, 0x0000000083800000| Untracked 
|  57|0x0000000083900000, 0x0000000083900000, 0x0000000083a00000|  0%| F|  |TAMS 0x0000000083900000, 0x0000000083900000| Untracked 
|  58|0x0000000083a00000, 0x0000000083a00000, 0x0000000083b00000|  0%| F|  |TAMS 0x0000000083a00000, 0x0000000083a00000| Untracked 
|  59|0x0000000083b00000, 0x0000000083b00000, 0x0000000083c00000|  0%| F|  |TAMS 0x0000000083b00000, 0x0000000083b00000| Untracked 
|  60|0x0000000083c00000, 0x0000000083c00000, 0x0000000083d00000|  0%| F|  |TAMS 0x0000000083c00000, 0x0000000083c00000| Untracked 
|  61|0x0000000083d00000, 0x0000000083d00000, 0x0000000083e00000|  0%| F|  |TAMS 0x0000000083d00000, 0x0000000083d00000| Untracked 
|  62|0x0000000083e00000, 0x0000000083e00000, 0x0000000083f00000|  0%| F|  |TAMS 0x0000000083e00000, 0x0000000083e00000| Untracked 
|  63|0x0000000083f00000, 0x0000000083f00000, 0x0000000084000000|  0%| F|  |TAMS 0x0000000083f00000, 0x0000000083f00000| Untracked 
|  64|0x0000000084000000, 0x0000000084000000, 0x0000000084100000|  0%| F|  |TAMS 0x0000000084000000, 0x0000000084000000| Untracked 
|  65|0x0000000084100000, 0x0000000084100000, 0x0000000084200000|  0%| F|  |TAMS 0x0000000084100000, 0x0000000084100000| Untracked 
|  66|0x0000000084200000, 0x0000000084200000, 0x0000000084300000|  0%| F|  |TAMS 0x0000000084200000, 0x0000000084200000| Untracked 
|  67|0x0000000084300000, 0x0000000084300000, 0x0000000084400000|  0%| F|  |TAMS 0x0000000084300000, 0x0000000084300000| Untracked 
|  68|0x0000000084400000, 0x0000000084400000, 0x0000000084500000|  0%| F|  |TAMS 0x0000000084400000, 0x0000000084400000| Untracked 
|  69|0x0000000084500000, 0x0000000084500000, 0x0000000084600000|  0%| F|  |TAMS 0x0000000084500000, 0x0000000084500000| Untracked 
|  70|0x0000000084600000, 0x0000000084600000, 0x0000000084700000|  0%| F|  |TAMS 0x0000000084600000, 0x0000000084600000| Untracked 
|  71|0x0000000084700000, 0x0000000084700000, 0x0000000084800000|  0%| F|  |TAMS 0x0000000084700000, 0x0000000084700000| Untracked 
|  72|0x0000000084800000, 0x0000000084800000, 0x0000000084900000|  0%| F|  |TAMS 0x0000000084800000, 0x0000000084800000| Untracked 
|  73|0x0000000084900000, 0x0000000084900000, 0x0000000084a00000|  0%| F|  |TAMS 0x0000000084900000, 0x0000000084900000| Untracked 
|  74|0x0000000084a00000, 0x0000000084a00000, 0x0000000084b00000|  0%| F|  |TAMS 0x0000000084a00000, 0x0000000084a00000| Untracked 
|  75|0x0000000084b00000, 0x0000000084b00000, 0x0000000084c00000|  0%| F|  |TAMS 0x0000000084b00000, 0x0000000084b00000| Untracked 
|  76|0x0000000084c00000, 0x0000000084c00000, 0x0000000084d00000|  0%| F|  |TAMS 0x0000000084c00000, 0x0000000084c00000| Untracked 
|  77|0x0000000084d00000, 0x0000000084d00000, 0x0000000084e00000|  0%| F|  |TAMS 0x0000000084d00000, 0x0000000084d00000| Untracked 
|  78|0x0000000084e00000, 0x0000000084e00000, 0x0000000084f00000|  0%| F|  |TAMS 0x0000000084e00000, 0x0000000084e00000| Untracked 
|  79|0x0000000084f00000, 0x0000000084f00000, 0x0000000085000000|  0%| F|  |TAMS 0x0000000084f00000, 0x0000000084f00000| Untracked 
|  80|0x0000000085000000, 0x0000000085000000, 0x0000000085100000|  0%| F|  |TAMS 0x0000000085000000, 0x0000000085000000| Untracked 
|  81|0x0000000085100000, 0x0000000085100000, 0x0000000085200000|  0%| F|  |TAMS 0x0000000085100000, 0x0000000085100000| Untracked 
|  82|0x0000000085200000, 0x0000000085200000, 0x0000000085300000|  0%| F|  |TAMS 0x0000000085200000, 0x0000000085200000| Untracked 
|  83|0x0000000085300000, 0x0000000085300000, 0x0000000085400000|  0%| F|  |TAMS 0x0000000085300000, 0x0000000085300000| Untracked 
|  84|0x0000000085400000, 0x0000000085400000, 0x0000000085500000|  0%| F|  |TAMS 0x0000000085400000, 0x0000000085400000| Untracked 
|  85|0x0000000085500000, 0x0000000085500000, 0x0000000085600000|  0%| F|  |TAMS 0x0000000085500000, 0x0000000085500000| Untracked 
|  86|0x0000000085600000, 0x0000000085600000, 0x0000000085700000|  0%| F|  |TAMS 0x0000000085600000, 0x0000000085600000| Untracked 
|  87|0x0000000085700000, 0x0000000085700000, 0x0000000085800000|  0%| F|  |TAMS 0x0000000085700000, 0x0000000085700000| Untracked 
|  88|0x0000000085800000, 0x0000000085800000, 0x0000000085900000|  0%| F|  |TAMS 0x0000000085800000, 0x0000000085800000| Untracked 
|  89|0x0000000085900000, 0x0000000085900000, 0x0000000085a00000|  0%| F|  |TAMS 0x0000000085900000, 0x0000000085900000| Untracked 
|  90|0x0000000085a00000, 0x0000000085a00000, 0x0000000085b00000|  0%| F|  |TAMS 0x0000000085a00000, 0x0000000085a00000| Untracked 
|  91|0x0000000085b00000, 0x0000000085b00000, 0x0000000085c00000|  0%| F|  |TAMS 0x0000000085b00000, 0x0000000085b00000| Untracked 
|  92|0x0000000085c00000, 0x0000000085c00000, 0x0000000085d00000|  0%| F|  |TAMS 0x0000000085c00000, 0x0000000085c00000| Untracked 
|  93|0x0000000085d00000, 0x0000000085d00000, 0x0000000085e00000|  0%| F|  |TAMS 0x0000000085d00000, 0x0000000085d00000| Untracked 
|  94|0x0000000085e00000, 0x0000000085e00000, 0x0000000085f00000|  0%| F|  |TAMS 0x0000000085e00000, 0x0000000085e00000| Untracked 
|  95|0x0000000085f00000, 0x0000000085f00000, 0x0000000086000000|  0%| F|  |TAMS 0x0000000085f00000, 0x0000000085f00000| Untracked 
|  96|0x0000000086000000, 0x0000000086000000, 0x0000000086100000|  0%| F|  |TAMS 0x0000000086000000, 0x0000000086000000| Untracked 
|  97|0x0000000086100000, 0x0000000086100000, 0x0000000086200000|  0%| F|  |TAMS 0x0000000086100000, 0x0000000086100000| Untracked 
|  98|0x0000000086200000, 0x0000000086200000, 0x0000000086300000|  0%| F|  |TAMS 0x0000000086200000, 0x0000000086200000| Untracked 
|  99|0x0000000086300000, 0x0000000086300000, 0x0000000086400000|  0%| F|  |TAMS 0x0000000086300000, 0x0000000086300000| Untracked 
| 100|0x0000000086400000, 0x0000000086400000, 0x0000000086500000|  0%| F|  |TAMS 0x0000000086400000, 0x0000000086400000| Untracked 
| 101|0x0000000086500000, 0x0000000086500000, 0x0000000086600000|  0%| F|  |TAMS 0x0000000086500000, 0x0000000086500000| Untracked 
| 102|0x0000000086600000, 0x0000000086600000, 0x0000000086700000|  0%| F|  |TAMS 0x0000000086600000, 0x0000000086600000| Untracked 
| 103|0x0000000086700000, 0x0000000086700000, 0x0000000086800000|  0%| F|  |TAMS 0x0000000086700000, 0x0000000086700000| Untracked 
| 104|0x0000000086800000, 0x0000000086800000, 0x0000000086900000|  0%| F|  |TAMS 0x0000000086800000, 0x0000000086800000| Untracked 
| 105|0x0000000086900000, 0x0000000086900000, 0x0000000086a00000|  0%| F|  |TAMS 0x0000000086900000, 0x0000000086900000| Untracked 
| 106|0x0000000086a00000, 0x0000000086a00000, 0x0000000086b00000|  0%| F|  |TAMS 0x0000000086a00000, 0x0000000086a00000| Untracked 
| 107|0x0000000086b00000, 0x0000000086b00000, 0x0000000086c00000|  0%| F|  |TAMS 0x0000000086b00000, 0x0000000086b00000| Untracked 
| 108|0x0000000086c00000, 0x0000000086c00000, 0x0000000086d00000|  0%| F|  |TAMS 0x0000000086c00000, 0x0000000086c00000| Untracked 
| 109|0x0000000086d00000, 0x0000000086d00000, 0x0000000086e00000|  0%| F|  |TAMS 0x0000000086d00000, 0x0000000086d00000| Untracked 
| 110|0x0000000086e00000, 0x0000000086e00000, 0x0000000086f00000|  0%| F|  |TAMS 0x0000000086e00000, 0x0000000086e00000| Untracked 
| 111|0x0000000086f00000, 0x0000000086f00000, 0x0000000087000000|  0%| F|  |TAMS 0x0000000086f00000, 0x0000000086f00000| Untracked 
| 112|0x0000000087000000, 0x0000000087000000, 0x0000000087100000|  0%| F|  |TAMS 0x0000000087000000, 0x0000000087000000| Untracked 
| 113|0x0000000087100000, 0x0000000087100000, 0x0000000087200000|  0%| F|  |TAMS 0x0000000087100000, 0x0000000087100000| Untracked 
| 114|0x0000000087200000, 0x0000000087200000, 0x0000000087300000|  0%| F|  |TAMS 0x0000000087200000, 0x0000000087200000| Untracked 
| 115|0x0000000087300000, 0x0000000087300000, 0x0000000087400000|  0%| F|  |TAMS 0x0000000087300000, 0x0000000087300000| Untracked 
| 116|0x0000000087400000, 0x0000000087400000, 0x0000000087500000|  0%| F|  |TAMS 0x0000000087400000, 0x0000000087400000| Untracked 
| 117|0x0000000087500000, 0x0000000087500000, 0x0000000087600000|  0%| F|  |TAMS 0x0000000087500000, 0x0000000087500000| Untracked 
| 118|0x0000000087600000, 0x0000000087600000, 0x0000000087700000|  0%| F|  |TAMS 0x0000000087600000, 0x0000000087600000| Untracked 
| 119|0x0000000087700000, 0x0000000087700000, 0x0000000087800000|  0%| F|  |TAMS 0x0000000087700000, 0x0000000087700000| Untracked 
| 120|0x0000000087800000, 0x0000000087800000, 0x0000000087900000|  0%| F|  |TAMS 0x0000000087800000, 0x0000000087800000| Untracked 
| 121|0x0000000087900000, 0x0000000087900000, 0x0000000087a00000|  0%| F|  |TAMS 0x0000000087900000, 0x0000000087900000| Untracked 
| 122|0x0000000087a00000, 0x0000000087a00000, 0x0000000087b00000|  0%| F|  |TAMS 0x0000000087a00000, 0x0000000087a00000| Untracked 
| 123|0x0000000087b00000, 0x0000000087b00000, 0x0000000087c00000|  0%| F|  |TAMS 0x0000000087b00000, 0x0000000087b00000| Untracked 
| 124|0x0000000087c00000, 0x0000000087c00000, 0x0000000087d00000|  0%| F|  |TAMS 0x0000000087c00000, 0x0000000087c00000| Untracked 
| 125|0x0000000087d00000, 0x0000000087d00000, 0x0000000087e00000|  0%| F|  |TAMS 0x0000000087d00000, 0x0000000087d00000| Untracked 
| 126|0x0000000087e00000, 0x0000000087e00000, 0x0000000087f00000|  0%| F|  |TAMS 0x0000000087e00000, 0x0000000087e00000| Untracked 
| 127|0x0000000087f00000, 0x0000000087f00000, 0x0000000088000000|  0%| F|  |TAMS 0x0000000087f00000, 0x0000000087f00000| Untracked 
| 128|0x0000000088000000, 0x0000000088000000, 0x0000000088100000|  0%| F|  |TAMS 0x0000000088000000, 0x0000000088000000| Untracked 
| 129|0x0000000088100000, 0x0000000088100000, 0x0000000088200000|  0%| F|  |TAMS 0x0000000088100000, 0x0000000088100000| Untracked 
| 130|0x0000000088200000, 0x0000000088200000, 0x0000000088300000|  0%| F|  |TAMS 0x0000000088200000, 0x0000000088200000| Untracked 
| 131|0x0000000088300000, 0x0000000088300000, 0x0000000088400000|  0%| F|  |TAMS 0x0000000088300000, 0x0000000088300000| Untracked 
| 132|0x0000000088400000, 0x0000000088400000, 0x0000000088500000|  0%| F|  |TAMS 0x0000000088400000, 0x0000000088400000| Untracked 
| 133|0x0000000088500000, 0x0000000088500000, 0x0000000088600000|  0%| F|  |TAMS 0x0000000088500000, 0x0000000088500000| Untracked 
| 134|0x0000000088600000, 0x0000000088600000, 0x0000000088700000|  0%| F|  |TAMS 0x0000000088600000, 0x0000000088600000| Untracked 
| 135|0x0000000088700000, 0x0000000088700000, 0x0000000088800000|  0%| F|  |TAMS 0x0000000088700000, 0x0000000088700000| Untracked 
| 136|0x0000000088800000, 0x0000000088800000, 0x0000000088900000|  0%| F|  |TAMS 0x0000000088800000, 0x0000000088800000| Untracked 
| 137|0x0000000088900000, 0x0000000088900000, 0x0000000088a00000|  0%| F|  |TAMS 0x0000000088900000, 0x0000000088900000| Untracked 
| 138|0x0000000088a00000, 0x0000000088a00000, 0x0000000088b00000|  0%| F|  |TAMS 0x0000000088a00000, 0x0000000088a00000| Untracked 
| 139|0x0000000088b00000, 0x0000000088b00000, 0x0000000088c00000|  0%| F|  |TAMS 0x0000000088b00000, 0x0000000088b00000| Untracked 
| 140|0x0000000088c00000, 0x0000000088c00000, 0x0000000088d00000|  0%| F|  |TAMS 0x0000000088c00000, 0x0000000088c00000| Untracked 
| 141|0x0000000088d00000, 0x0000000088d00000, 0x0000000088e00000|  0%| F|  |TAMS 0x0000000088d00000, 0x0000000088d00000| Untracked 
| 142|0x0000000088e00000, 0x0000000088e00000, 0x0000000088f00000|  0%| F|  |TAMS 0x0000000088e00000, 0x0000000088e00000| Untracked 
| 143|0x0000000088f00000, 0x0000000088f00000, 0x0000000089000000|  0%| F|  |TAMS 0x0000000088f00000, 0x0000000088f00000| Untracked 
| 144|0x0000000089000000, 0x0000000089000000, 0x0000000089100000|  0%| F|  |TAMS 0x0000000089000000, 0x0000000089000000| Untracked 
| 145|0x0000000089100000, 0x0000000089100000, 0x0000000089200000|  0%| F|  |TAMS 0x0000000089100000, 0x0000000089100000| Untracked 
| 146|0x0000000089200000, 0x0000000089200000, 0x0000000089300000|  0%| F|  |TAMS 0x0000000089200000, 0x0000000089200000| Untracked 
| 147|0x0000000089300000, 0x0000000089300000, 0x0000000089400000|  0%| F|  |TAMS 0x0000000089300000, 0x0000000089300000| Untracked 
| 148|0x0000000089400000, 0x0000000089400000, 0x0000000089500000|  0%| F|  |TAMS 0x0000000089400000, 0x0000000089400000| Untracked 
| 149|0x0000000089500000, 0x0000000089500000, 0x0000000089600000|  0%| F|  |TAMS 0x0000000089500000, 0x0000000089500000| Untracked 
| 150|0x0000000089600000, 0x0000000089600000, 0x0000000089700000|  0%| F|  |TAMS 0x0000000089600000, 0x0000000089600000| Untracked 
| 151|0x0000000089700000, 0x0000000089700000, 0x0000000089800000|  0%| F|  |TAMS 0x0000000089700000, 0x0000000089700000| Untracked 
| 152|0x0000000089800000, 0x0000000089800000, 0x0000000089900000|  0%| F|  |TAMS 0x0000000089800000, 0x0000000089800000| Untracked 
| 153|0x0000000089900000, 0x0000000089900000, 0x0000000089a00000|  0%| F|  |TAMS 0x0000000089900000, 0x0000000089900000| Untracked 
| 154|0x0000000089a00000, 0x0000000089a00000, 0x0000000089b00000|  0%| F|  |TAMS 0x0000000089a00000, 0x0000000089a00000| Untracked 
| 155|0x0000000089b00000, 0x0000000089b00000, 0x0000000089c00000|  0%| F|  |TAMS 0x0000000089b00000, 0x0000000089b00000| Untracked 
| 156|0x0000000089c00000, 0x0000000089c00000, 0x0000000089d00000|  0%| F|  |TAMS 0x0000000089c00000, 0x0000000089c00000| Untracked 
| 157|0x0000000089d00000, 0x0000000089d00000, 0x0000000089e00000|  0%| F|  |TAMS 0x0000000089d00000, 0x0000000089d00000| Untracked 
| 158|0x0000000089e00000, 0x0000000089e00000, 0x0000000089f00000|  0%| F|  |TAMS 0x0000000089e00000, 0x0000000089e00000| Untracked 
| 159|0x0000000089f00000, 0x0000000089f00000, 0x000000008a000000|  0%| F|  |TAMS 0x0000000089f00000, 0x0000000089f00000| Untracked 
| 160|0x000000008a000000, 0x000000008a000000, 0x000000008a100000|  0%| F|  |TAMS 0x000000008a000000, 0x000000008a000000| Untracked 
| 161|0x000000008a100000, 0x000000008a100000, 0x000000008a200000|  0%| F|  |TAMS 0x000000008a100000, 0x000000008a100000| Untracked 
| 162|0x000000008a200000, 0x000000008a200000, 0x000000008a300000|  0%| F|  |TAMS 0x000000008a200000, 0x000000008a200000| Untracked 
| 163|0x000000008a300000, 0x000000008a300000, 0x000000008a400000|  0%| F|  |TAMS 0x000000008a300000, 0x000000008a300000| Untracked 
| 164|0x000000008a400000, 0x000000008a400000, 0x000000008a500000|  0%| F|  |TAMS 0x000000008a400000, 0x000000008a400000| Untracked 
| 165|0x000000008a500000, 0x000000008a545fc0, 0x000000008a600000| 27%| S|CS|TAMS 0x000000008a500000, 0x000000008a500000| Complete 
| 166|0x000000008a600000, 0x000000008a700000, 0x000000008a700000|100%| S|CS|TAMS 0x000000008a600000, 0x000000008a600000| Complete 
| 167|0x000000008a700000, 0x000000008a800000, 0x000000008a800000|100%| S|CS|TAMS 0x000000008a700000, 0x000000008a700000| Complete 
| 168|0x000000008a800000, 0x000000008a900000, 0x000000008a900000|100%| S|CS|TAMS 0x000000008a800000, 0x000000008a800000| Complete 
| 169|0x000000008a900000, 0x000000008aa00000, 0x000000008aa00000|100%| S|CS|TAMS 0x000000008a900000, 0x000000008a900000| Complete 
| 170|0x000000008aa00000, 0x000000008ab00000, 0x000000008ab00000|100%| S|CS|TAMS 0x000000008aa00000, 0x000000008aa00000| Complete 
| 171|0x000000008ab00000, 0x000000008ab00000, 0x000000008ac00000|  0%| F|  |TAMS 0x000000008ab00000, 0x000000008ab00000| Untracked 
| 172|0x000000008ac00000, 0x000000008ac00000, 0x000000008ad00000|  0%| F|  |TAMS 0x000000008ac00000, 0x000000008ac00000| Untracked 
| 173|0x000000008ad00000, 0x000000008ad00000, 0x000000008ae00000|  0%| F|  |TAMS 0x000000008ad00000, 0x000000008ad00000| Untracked 
| 174|0x000000008ae00000, 0x000000008ae00000, 0x000000008af00000|  0%| F|  |TAMS 0x000000008ae00000, 0x000000008ae00000| Untracked 
| 175|0x000000008af00000, 0x000000008af00000, 0x000000008b000000|  0%| F|  |TAMS 0x000000008af00000, 0x000000008af00000| Untracked 
| 176|0x000000008b000000, 0x000000008b000000, 0x000000008b100000|  0%| F|  |TAMS 0x000000008b000000, 0x000000008b000000| Untracked 
| 177|0x000000008b100000, 0x000000008b100000, 0x000000008b200000|  0%| F|  |TAMS 0x000000008b100000, 0x000000008b100000| Untracked 
| 178|0x000000008b200000, 0x000000008b200000, 0x000000008b300000|  0%| F|  |TAMS 0x000000008b200000, 0x000000008b200000| Untracked 
| 179|0x000000008b300000, 0x000000008b300000, 0x000000008b400000|  0%| F|  |TAMS 0x000000008b300000, 0x000000008b300000| Untracked 
| 180|0x000000008b400000, 0x000000008b400000, 0x000000008b500000|  0%| F|  |TAMS 0x000000008b400000, 0x000000008b400000| Untracked 
| 181|0x000000008b500000, 0x000000008b500000, 0x000000008b600000|  0%| F|  |TAMS 0x000000008b500000, 0x000000008b500000| Untracked 
| 182|0x000000008b600000, 0x000000008b600000, 0x000000008b700000|  0%| F|  |TAMS 0x000000008b600000, 0x000000008b600000| Untracked 
| 183|0x000000008b700000, 0x000000008b700000, 0x000000008b800000|  0%| F|  |TAMS 0x000000008b700000, 0x000000008b700000| Untracked 
| 184|0x000000008b800000, 0x000000008b800000, 0x000000008b900000|  0%| F|  |TAMS 0x000000008b800000, 0x000000008b800000| Untracked 
| 185|0x000000008b900000, 0x000000008b900000, 0x000000008ba00000|  0%| F|  |TAMS 0x000000008b900000, 0x000000008b900000| Untracked 
| 186|0x000000008ba00000, 0x000000008ba00000, 0x000000008bb00000|  0%| F|  |TAMS 0x000000008ba00000, 0x000000008ba00000| Untracked 
| 187|0x000000008bb00000, 0x000000008bb00000, 0x000000008bc00000|  0%| F|  |TAMS 0x000000008bb00000, 0x000000008bb00000| Untracked 
| 188|0x000000008bc00000, 0x000000008bc00000, 0x000000008bd00000|  0%| F|  |TAMS 0x000000008bc00000, 0x000000008bc00000| Untracked 
| 189|0x000000008bd00000, 0x000000008bd00000, 0x000000008be00000|  0%| F|  |TAMS 0x000000008bd00000, 0x000000008bd00000| Untracked 
| 190|0x000000008be00000, 0x000000008be00000, 0x000000008bf00000|  0%| F|  |TAMS 0x000000008be00000, 0x000000008be00000| Untracked 
| 191|0x000000008bf00000, 0x000000008c000000, 0x000000008c000000|100%| E|  |TAMS 0x000000008bf00000, 0x000000008bf00000| Complete 
| 192|0x000000008c000000, 0x000000008c100000, 0x000000008c100000|100%| E|CS|TAMS 0x000000008c000000, 0x000000008c000000| Complete 
| 193|0x000000008c100000, 0x000000008c200000, 0x000000008c200000|100%| E|CS|TAMS 0x000000008c100000, 0x000000008c100000| Complete 
| 194|0x000000008c200000, 0x000000008c300000, 0x000000008c300000|100%| E|CS|TAMS 0x000000008c200000, 0x000000008c200000| Complete 
| 195|0x000000008c300000, 0x000000008c400000, 0x000000008c400000|100%| E|CS|TAMS 0x000000008c300000, 0x000000008c300000| Complete 
| 196|0x000000008c400000, 0x000000008c500000, 0x000000008c500000|100%| E|CS|TAMS 0x000000008c400000, 0x000000008c400000| Complete 
| 197|0x000000008c500000, 0x000000008c600000, 0x000000008c600000|100%| E|CS|TAMS 0x000000008c500000, 0x000000008c500000| Complete 
| 198|0x000000008c600000, 0x000000008c700000, 0x000000008c700000|100%| E|CS|TAMS 0x000000008c600000, 0x000000008c600000| Complete 
| 199|0x000000008c700000, 0x000000008c800000, 0x000000008c800000|100%| E|CS|TAMS 0x000000008c700000, 0x000000008c700000| Complete 
| 200|0x000000008c800000, 0x000000008c900000, 0x000000008c900000|100%| E|CS|TAMS 0x000000008c800000, 0x000000008c800000| Complete 
| 201|0x000000008c900000, 0x000000008ca00000, 0x000000008ca00000|100%| E|CS|TAMS 0x000000008c900000, 0x000000008c900000| Complete 
| 202|0x000000008ca00000, 0x000000008cb00000, 0x000000008cb00000|100%| E|CS|TAMS 0x000000008ca00000, 0x000000008ca00000| Complete 
| 203|0x000000008cb00000, 0x000000008cc00000, 0x000000008cc00000|100%| E|CS|TAMS 0x000000008cb00000, 0x000000008cb00000| Complete 
| 204|0x000000008cc00000, 0x000000008cd00000, 0x000000008cd00000|100%| E|CS|TAMS 0x000000008cc00000, 0x000000008cc00000| Complete 
| 205|0x000000008cd00000, 0x000000008ce00000, 0x000000008ce00000|100%| E|CS|TAMS 0x000000008cd00000, 0x000000008cd00000| Complete 
| 206|0x000000008ce00000, 0x000000008cf00000, 0x000000008cf00000|100%| E|CS|TAMS 0x000000008ce00000, 0x000000008ce00000| Complete 
| 207|0x000000008cf00000, 0x000000008d000000, 0x000000008d000000|100%| E|CS|TAMS 0x000000008cf00000, 0x000000008cf00000| Complete 
| 208|0x000000008d000000, 0x000000008d100000, 0x000000008d100000|100%| E|CS|TAMS 0x000000008d000000, 0x000000008d000000| Complete 
| 209|0x000000008d100000, 0x000000008d200000, 0x000000008d200000|100%| E|CS|TAMS 0x000000008d100000, 0x000000008d100000| Complete 
| 210|0x000000008d200000, 0x000000008d300000, 0x000000008d300000|100%| E|CS|TAMS 0x000000008d200000, 0x000000008d200000| Complete 
| 211|0x000000008d300000, 0x000000008d400000, 0x000000008d400000|100%| E|CS|TAMS 0x000000008d300000, 0x000000008d300000| Complete 
| 212|0x000000008d400000, 0x000000008d500000, 0x000000008d500000|100%| E|CS|TAMS 0x000000008d400000, 0x000000008d400000| Complete 
| 213|0x000000008d500000, 0x000000008d600000, 0x000000008d600000|100%| E|CS|TAMS 0x000000008d500000, 0x000000008d500000| Complete 
| 214|0x000000008d600000, 0x000000008d700000, 0x000000008d700000|100%| E|CS|TAMS 0x000000008d600000, 0x000000008d600000| Complete 
| 215|0x000000008d700000, 0x000000008d800000, 0x000000008d800000|100%| E|CS|TAMS 0x000000008d700000, 0x000000008d700000| Complete 
| 216|0x000000008d800000, 0x000000008d900000, 0x000000008d900000|100%| E|CS|TAMS 0x000000008d800000, 0x000000008d800000| Complete 
| 217|0x000000008d900000, 0x000000008da00000, 0x000000008da00000|100%| E|CS|TAMS 0x000000008d900000, 0x000000008d900000| Complete 
| 218|0x000000008da00000, 0x000000008db00000, 0x000000008db00000|100%| E|CS|TAMS 0x000000008da00000, 0x000000008da00000| Complete 
| 219|0x000000008db00000, 0x000000008dc00000, 0x000000008dc00000|100%| E|CS|TAMS 0x000000008db00000, 0x000000008db00000| Complete 
| 220|0x000000008dc00000, 0x000000008dd00000, 0x000000008dd00000|100%| E|CS|TAMS 0x000000008dc00000, 0x000000008dc00000| Complete 
| 221|0x000000008dd00000, 0x000000008de00000, 0x000000008de00000|100%| E|CS|TAMS 0x000000008dd00000, 0x000000008dd00000| Complete 
| 222|0x000000008de00000, 0x000000008df00000, 0x000000008df00000|100%| E|CS|TAMS 0x000000008de00000, 0x000000008de00000| Complete 
| 223|0x000000008df00000, 0x000000008e000000, 0x000000008e000000|100%| E|CS|TAMS 0x000000008df00000, 0x000000008df00000| Complete 
| 224|0x000000008e000000, 0x000000008e100000, 0x000000008e100000|100%| E|CS|TAMS 0x000000008e000000, 0x000000008e000000| Complete 
| 225|0x000000008e100000, 0x000000008e200000, 0x000000008e200000|100%| E|CS|TAMS 0x000000008e100000, 0x000000008e100000| Complete 
| 226|0x000000008e200000, 0x000000008e300000, 0x000000008e300000|100%| E|CS|TAMS 0x000000008e200000, 0x000000008e200000| Complete 
| 227|0x000000008e300000, 0x000000008e400000, 0x000000008e400000|100%| E|CS|TAMS 0x000000008e300000, 0x000000008e300000| Complete 
| 228|0x000000008e400000, 0x000000008e500000, 0x000000008e500000|100%| E|CS|TAMS 0x000000008e400000, 0x000000008e400000| Complete 
| 229|0x000000008e500000, 0x000000008e600000, 0x000000008e600000|100%| E|CS|TAMS 0x000000008e500000, 0x000000008e500000| Complete 
| 230|0x000000008e600000, 0x000000008e700000, 0x000000008e700000|100%| E|CS|TAMS 0x000000008e600000, 0x000000008e600000| Complete 
| 231|0x000000008e700000, 0x000000008e800000, 0x000000008e800000|100%| E|CS|TAMS 0x000000008e700000, 0x000000008e700000| Complete 
| 232|0x000000008e800000, 0x000000008e900000, 0x000000008e900000|100%| E|CS|TAMS 0x000000008e800000, 0x000000008e800000| Complete 
| 233|0x000000008e900000, 0x000000008ea00000, 0x000000008ea00000|100%| E|CS|TAMS 0x000000008e900000, 0x000000008e900000| Complete 
| 234|0x000000008ea00000, 0x000000008eb00000, 0x000000008eb00000|100%| E|CS|TAMS 0x000000008ea00000, 0x000000008ea00000| Complete 
| 235|0x000000008eb00000, 0x000000008ec00000, 0x000000008ec00000|100%| E|CS|TAMS 0x000000008eb00000, 0x000000008eb00000| Complete 
| 236|0x000000008ec00000, 0x000000008ed00000, 0x000000008ed00000|100%| E|CS|TAMS 0x000000008ec00000, 0x000000008ec00000| Complete 
| 237|0x000000008ed00000, 0x000000008ee00000, 0x000000008ee00000|100%| E|CS|TAMS 0x000000008ed00000, 0x000000008ed00000| Complete 
| 238|0x000000008ee00000, 0x000000008ef00000, 0x000000008ef00000|100%| E|CS|TAMS 0x000000008ee00000, 0x000000008ee00000| Complete 
| 239|0x000000008ef00000, 0x000000008f000000, 0x000000008f000000|100%| E|CS|TAMS 0x000000008ef00000, 0x000000008ef00000| Complete 
| 240|0x000000008f000000, 0x000000008f100000, 0x000000008f100000|100%| E|CS|TAMS 0x000000008f000000, 0x000000008f000000| Complete 
| 241|0x000000008f100000, 0x000000008f200000, 0x000000008f200000|100%| E|CS|TAMS 0x000000008f100000, 0x000000008f100000| Complete 
| 242|0x000000008f200000, 0x000000008f300000, 0x000000008f300000|100%| E|CS|TAMS 0x000000008f200000, 0x000000008f200000| Complete 
| 243|0x000000008f300000, 0x000000008f400000, 0x000000008f400000|100%| E|CS|TAMS 0x000000008f300000, 0x000000008f300000| Complete 
| 244|0x000000008f400000, 0x000000008f500000, 0x000000008f500000|100%| E|CS|TAMS 0x000000008f400000, 0x000000008f400000| Complete 
| 245|0x000000008f500000, 0x000000008f600000, 0x000000008f600000|100%| E|CS|TAMS 0x000000008f500000, 0x000000008f500000| Complete 
| 246|0x000000008f600000, 0x000000008f700000, 0x000000008f700000|100%| E|CS|TAMS 0x000000008f600000, 0x000000008f600000| Complete 
| 247|0x000000008f700000, 0x000000008f800000, 0x000000008f800000|100%| E|CS|TAMS 0x000000008f700000, 0x000000008f700000| Complete 
| 248|0x000000008f800000, 0x000000008f900000, 0x000000008f900000|100%| E|CS|TAMS 0x000000008f800000, 0x000000008f800000| Complete 
| 249|0x000000008f900000, 0x000000008fa00000, 0x000000008fa00000|100%| E|CS|TAMS 0x000000008f900000, 0x000000008f900000| Complete 
| 250|0x000000008fa00000, 0x000000008fb00000, 0x000000008fb00000|100%| E|CS|TAMS 0x000000008fa00000, 0x000000008fa00000| Complete 
| 251|0x000000008fb00000, 0x000000008fc00000, 0x000000008fc00000|100%| E|CS|TAMS 0x000000008fb00000, 0x000000008fb00000| Complete 

Card table byte_map: [0x000001abfc520000,0x000001abfc920000] _byte_map_base: 0x000001abfc120000

Marking Bits (Prev, Next): (CMBitMap*) 0x000001abe9320b18, (CMBitMap*) 0x000001abe9320b50
 Prev Bits: [0x000001abfcd20000, 0x000001abfed20000)
 Next Bits: [0x000001ab80000000, 0x000001ab82000000)

Polling page: 0x000001abe7240000

Metaspace:

Usage:
  Non-class:     34.58 MB capacity,    33.97 MB ( 98%) used,   529.66 KB (  1%) free+waste,    92.75 KB ( <1%) overhead. 
      Class:      5.31 MB capacity,     4.99 MB ( 94%) used,   275.03 KB (  5%) free+waste,    44.56 KB ( <1%) overhead. 
       Both:     39.89 MB capacity,    38.97 MB ( 98%) used,   804.70 KB (  2%) free+waste,   137.31 KB ( <1%) overhead. 

Virtual space:
  Non-class space:       36.00 MB reserved,      34.75 MB ( 97%) committed 
      Class space:        1.00 GB reserved,       5.38 MB ( <1%) committed 
             Both:        1.04 GB reserved,      40.13 MB (  4%) committed 

Chunk freelists:
   Non-Class:  45.00 KB
       Class:  6.00 KB
        Both:  51.00 KB

MaxMetaspaceSize: 17179869184.00 GB
CompressedClassSpaceSize: 1.00 GB
Initial GC threshold: 20.80 MB
Current GC threshold: 58.54 MB
CDS: off

CodeHeap 'non-profiled nmethods': size=120000Kb used=1980Kb max_used=1980Kb free=118019Kb
 bounds [0x000001abf48c0000, 0x000001abf4b30000, 0x000001abfbdf0000]
CodeHeap 'profiled nmethods': size=120000Kb used=7625Kb max_used=7625Kb free=112374Kb
 bounds [0x000001abed390000, 0x000001abedb10000, 0x000001abf48c0000]
CodeHeap 'non-nmethods': size=5760Kb used=2288Kb max_used=2330Kb free=3471Kb
 bounds [0x000001abecdf0000, 0x000001abed060000, 0x000001abed390000]
 total_blobs=4371 nmethods=3606 adapters=677
 compilation: enabled
              stopped_count=0, restarted_count=0
 full_count=0

Compilation events (20 events):
Event: 15.041 Thread 0x000001ab87071000 nmethod 3576 0x000001abf4aa9b90 code [0x000001abf4aa9dc0, 0x000001abf4aaa778]
Event: 15.048 Thread 0x000001ab840a1000 3593       3       java.util.ArrayDeque::removeFirst (19 bytes)
Event: 15.048 Thread 0x000001ab840a1000 nmethod 3593 0x000001abedaf0e90 code [0x000001abedaf1060, 0x000001abedaf1298]
Event: 15.067 Thread 0x000001ab8409e000 3594       4       java.lang.ClassLoader::loadClass (7 bytes)
Event: 15.068 Thread 0x000001ab8409e000 nmethod 3594 0x000001abf4aaae90 code [0x000001abf4aab020, 0x000001abf4aab098]
Event: 15.072 Thread 0x000001ab840a1000 3595       3       java.util.LinkedHashMap::<init> (11 bytes)
Event: 15.073 Thread 0x000001ab840a1000 nmethod 3595 0x000001abedaf1390 code [0x000001abedaf1580, 0x000001abedaf1728]
Event: 15.100 Thread 0x000001ab87071000 3596       4       java.io.DataInputStream::readFully (63 bytes)
Event: 15.100 Thread 0x000001ab8409e000 3597  s    4       java.io.BufferedInputStream::read (113 bytes)
Event: 15.103 Thread 0x000001ab87071000 nmethod 3596 0x000001abf4aab190 code [0x000001abf4aab320, 0x000001abf4aab418]
Event: 15.106 Thread 0x000001ab87071000 3598       4       java.io.DataInputStream::readLong (128 bytes)
Event: 15.142 Thread 0x000001ab840a1000 3599       3       java.util.stream.ReferencePipeline$Head::forEach (26 bytes)
Event: 15.143 Thread 0x000001ab840a1000 nmethod 3599 0x000001abedaf1810 code [0x000001abedaf1a40, 0x000001abedaf2138]
Event: 15.143 Thread 0x000001ab840a1000 3600       3       java.util.stream.AbstractPipeline::sourceStageSpliterator (112 bytes)
Event: 15.143 Thread 0x000001ab87071000 nmethod 3598 0x000001abf4aab510 code [0x000001abf4aab6a0, 0x000001abf4aab818]
Event: 15.143 Thread 0x000001ab840a1000 nmethod 3600 0x000001abedaf2410 code [0x000001abedaf2640, 0x000001abedaf2cf8]
Event: 15.145 Thread 0x000001ab840a1000 3601       3       java.lang.invoke.InnerClassLambdaMetafactory::<init> (240 bytes)
Event: 15.147 Thread 0x000001ab840a1000 nmethod 3601 0x000001abedaf2f10 code [0x000001abedaf3380, 0x000001abedaf5478]
Event: 15.147 Thread 0x000001ab840a1000 3605       3       java.lang.invoke.AbstractValidatingLambdaMetafactory::validateMetafactoryArgs (607 bytes)
Event: 15.151 Thread 0x000001ab8409e000 nmethod 3597 0x000001abf4aab990 code [0x000001abf4aabb80, 0x000001abf4aac8d0]

GC Heap History (8 events):
Event: 1.466 GC heap before
{Heap before GC invocations=0 (full 0):
 garbage-first heap   total 258048K, used 30720K [0x0000000080000000, 0x0000000100000000)
  region size 1024K, 24 young (24576K), 0 survivors (0K)
 Metaspace       used 10232K, capacity 10495K, committed 10624K, reserved 1058816K
  class space    used 1071K, capacity 1141K, committed 1152K, reserved 1048576K
}
Event: 1.474 GC heap after
{Heap after GC invocations=1 (full 0):
 garbage-first heap   total 258048K, used 9304K [0x0000000080000000, 0x0000000100000000)
  region size 1024K, 3 young (3072K), 3 survivors (3072K)
 Metaspace       used 10232K, capacity 10495K, committed 10624K, reserved 1058816K
  class space    used 1071K, capacity 1141K, committed 1152K, reserved 1048576K
}
Event: 7.257 GC heap before
{Heap before GC invocations=1 (full 0):
 garbage-first heap   total 258048K, used 111704K [0x0000000080000000, 0x0000000100000000)
  region size 1024K, 104 young (106496K), 3 survivors (3072K)
 Metaspace       used 20651K, capacity 21081K, committed 21248K, reserved 1067008K
  class space    used 2543K, capacity 2712K, committed 2816K, reserved 1048576K
}
Event: 7.267 GC heap after
{Heap after GC invocations=2 (full 0):
 garbage-first heap   total 258048K, used 17069K [0x0000000080000000, 0x0000000100000000)
  region size 1024K, 11 young (11264K), 11 survivors (11264K)
 Metaspace       used 20651K, capacity 21081K, committed 21248K, reserved 1067008K
  class space    used 2543K, capacity 2712K, committed 2816K, reserved 1048576K
}
Event: 7.914 GC heap before
{Heap before GC invocations=3 (full 0):
 garbage-first heap   total 258048K, used 48813K [0x0000000080000000, 0x0000000100000000)
  region size 1024K, 43 young (44032K), 11 survivors (11264K)
 Metaspace       used 24171K, capacity 24730K, committed 24832K, reserved 1071104K
  class space    used 3063K, capacity 3251K, committed 3328K, reserved 1048576K
}
Event: 7.923 GC heap after
{Heap after GC invocations=4 (full 0):
 garbage-first heap   total 258048K, used 18313K [0x0000000080000000, 0x0000000100000000)
  region size 1024K, 2 young (2048K), 2 survivors (2048K)
 Metaspace       used 24171K, capacity 24730K, committed 24832K, reserved 1071104K
  class space    used 3063K, capacity 3251K, committed 3328K, reserved 1048576K
}
Event: 11.067 GC heap before
{Heap before GC invocations=4 (full 0):
 garbage-first heap   total 258048K, used 98185K [0x0000000080000000, 0x0000000100000000)
  region size 1024K, 81 young (82944K), 2 survivors (2048K)
 Metaspace       used 34922K, capacity 35786K, committed 35840K, reserved 1081344K
  class space    used 4533K, capacity 4839K, committed 4864K, reserved 1048576K
}
Event: 11.081 GC heap after
{Heap after GC invocations=5 (full 0):
 garbage-first heap   total 258048K, used 22166K [0x0000000080000000, 0x0000000100000000)
  region size 1024K, 6 young (6144K), 6 survivors (6144K)
 Metaspace       used 34922K, capacity 35786K, committed 35840K, reserved 1081344K
  class space    used 4533K, capacity 4839K, committed 4864K, reserved 1048576K
}

Deoptimization events (20 events):
Event: 14.286 Thread 0x000001ab8645e800 Uncommon trap: trap_request=0xffffffbe fr.pc=0x000001abf4a8b330 relative=0x0000000000000850
Event: 14.286 Thread 0x000001ab8645e800 Uncommon trap: reason=profile_predicate action=maybe_recompile pc=0x000001abf4a8b330 method=java.lang.PublicMethods$MethodList.filter([Ljava/lang/reflect/Method;Ljava/lang/String;[Ljava/lang/Class;Z)Ljava/lang/PublicMethods$MethodList; @ 21 c2
Event: 14.286 Thread 0x000001ab8645e800 DEOPT PACKING pc=0x000001abf4a8b330 sp=0x0000003a0c8f9250
Event: 14.286 Thread 0x000001ab8645e800 DEOPT UNPACKING pc=0x000001abecdf85af sp=0x0000003a0c8f9208 mode 2
Event: 14.286 Thread 0x000001ab8645e800 Uncommon trap: trap_request=0xffffffbe fr.pc=0x000001abf4a8b330 relative=0x0000000000000850
Event: 14.286 Thread 0x000001ab8645e800 Uncommon trap: reason=profile_predicate action=maybe_recompile pc=0x000001abf4a8b330 method=java.lang.PublicMethods$MethodList.filter([Ljava/lang/reflect/Method;Ljava/lang/String;[Ljava/lang/Class;Z)Ljava/lang/PublicMethods$MethodList; @ 21 c2
Event: 14.286 Thread 0x000001ab8645e800 DEOPT PACKING pc=0x000001abf4a8b330 sp=0x0000003a0c8f8a90
Event: 14.286 Thread 0x000001ab8645e800 DEOPT UNPACKING pc=0x000001abecdf85af sp=0x0000003a0c8f8a48 mode 2
Event: 14.287 Thread 0x000001ab8645e800 Uncommon trap: trap_request=0xffffffbe fr.pc=0x000001abf4a8b330 relative=0x0000000000000850
Event: 14.287 Thread 0x000001ab8645e800 Uncommon trap: reason=profile_predicate action=maybe_recompile pc=0x000001abf4a8b330 method=java.lang.PublicMethods$MethodList.filter([Ljava/lang/reflect/Method;Ljava/lang/String;[Ljava/lang/Class;Z)Ljava/lang/PublicMethods$MethodList; @ 21 c2
Event: 14.287 Thread 0x000001ab8645e800 DEOPT PACKING pc=0x000001abf4a8b330 sp=0x0000003a0c8f8a70
Event: 14.287 Thread 0x000001ab8645e800 DEOPT UNPACKING pc=0x000001abecdf85af sp=0x0000003a0c8f8a28 mode 2
Event: 14.491 Thread 0x000001ab8645e800 Uncommon trap: trap_request=0xffffff4d fr.pc=0x000001abf4a83cbc relative=0x000000000000599c
Event: 14.491 Thread 0x000001ab8645e800 Uncommon trap: reason=unstable_if action=reinterpret pc=0x000001abf4a83cbc method=java.net.URLClassLoader.defineClass(Ljava/lang/String;Ljdk/internal/loader/Resource;)Ljava/lang/Class; @ 21 c2
Event: 14.491 Thread 0x000001ab8645e800 DEOPT PACKING pc=0x000001abf4a83cbc sp=0x0000003a0c8f6230
Event: 14.491 Thread 0x000001ab8645e800 DEOPT UNPACKING pc=0x000001abecdf85af sp=0x0000003a0c8f61e8 mode 2
Event: 15.127 Thread 0x000001ab859da000 Uncommon trap: trap_request=0xffffffbe fr.pc=0x000001abf4a3a7b8 relative=0x0000000000000538
Event: 15.142 Thread 0x000001ab859da000 Uncommon trap: reason=profile_predicate action=maybe_recompile pc=0x000001abf4a3a7b8 method=java.util.stream.ReferencePipeline.forEachWithCancel(Ljava/util/Spliterator;Ljava/util/stream/Sink;)Z @ 8 c2
Event: 15.142 Thread 0x000001ab859da000 DEOPT PACKING pc=0x000001abf4a3a7b8 sp=0x0000003a0c2fea20
Event: 15.142 Thread 0x000001ab859da000 DEOPT UNPACKING pc=0x000001abecdf85af sp=0x0000003a0c2fe9c0 mode 2

Classes redefined (0 events):
No events

Internal exceptions (20 events):
Event: 14.484 Thread 0x000001ab8645e800 Exception <a 'java/lang/ClassNotFoundException'{0x000000008ce39150}: org/gradle/internal/metaobject/ConfigureDelegateCustomizer> (0x000000008ce39150) thrown at [./src/hotspot/share/classfile/systemDictionary.cpp, line 231]
Event: 14.539 Thread 0x000001ab8645e800 Exception <a 'java/lang/ClassNotFoundException'{0x000000008cec63d0}: org/gradle/plugin/management/internal/DefaultPluginManagementSpec_DecoratedBeanInfo> (0x000000008cec63d0) thrown at [./src/hotspot/share/classfile/systemDictionary.cpp, line 231]
Event: 14.540 Thread 0x000001ab8645e800 Exception <a 'java/lang/ClassNotFoundException'{0x000000008cefdd80}: org/gradle/plugin/management/internal/DefaultPluginManagementSpecBeanInfo> (0x000000008cefdd80) thrown at [./src/hotspot/share/classfile/systemDictionary.cpp, line 231]
Event: 14.541 Thread 0x000001ab8645e800 Exception <a 'java/lang/ClassNotFoundException'{0x000000008cd37838}: org/gradle/plugin/management/internal/DefaultPluginManagementSpecCustomizer> (0x000000008cd37838) thrown at [./src/hotspot/share/classfile/systemDictionary.cpp, line 231]
Event: 14.543 Thread 0x000001ab8645e800 Exception <a 'java/lang/ClassNotFoundException'{0x000000008cd84240}: org/gradle/plugin/management/internal/DefaultPluginManagementSpec_DecoratedCustomizer> (0x000000008cd84240) thrown at [./src/hotspot/share/classfile/systemDictionary.cpp, line 231]
Event: 14.664 Thread 0x000001ab8645e800 Exception <a 'java/lang/ClassNotFoundException'{0x000000008c819ec8}: org/gradle/api/internal/artifacts/dsl/DefaultRepositoryHandler_DecoratedBeanInfo> (0x000000008c819ec8) thrown at [./src/hotspot/share/classfile/systemDictionary.cpp, line 231]
Event: 14.665 Thread 0x000001ab8645e800 Exception <a 'java/lang/ClassNotFoundException'{0x000000008c854668}: org/gradle/api/internal/artifacts/dsl/DefaultRepositoryHandlerBeanInfo> (0x000000008c854668) thrown at [./src/hotspot/share/classfile/systemDictionary.cpp, line 231]
Event: 14.670 Thread 0x000001ab8645e800 Exception <a 'java/lang/ClassNotFoundException'{0x000000008c891bb8}: org/gradle/api/internal/artifacts/DefaultArtifactRepositoryContainerBeanInfo> (0x000000008c891bb8) thrown at [./src/hotspot/share/classfile/systemDictionary.cpp, line 231]
Event: 14.704 Thread 0x000001ab8645e800 Exception <a 'java/lang/ClassNotFoundException'{0x000000008c8bce78}: org/gradle/api/internal/DefaultNamedDomainObjectListBeanInfo> (0x000000008c8bce78) thrown at [./src/hotspot/share/classfile/systemDictionary.cpp, line 231]
Event: 14.706 Thread 0x000001ab8645e800 Exception <a 'java/lang/ClassNotFoundException'{0x000000008c8e96a8}: org/gradle/api/internal/DefaultNamedDomainObjectCollectionBeanInfo> (0x000000008c8e96a8) thrown at [./src/hotspot/share/classfile/systemDictionary.cpp, line 231]
Event: 14.707 Thread 0x000001ab8645e800 Exception <a 'java/lang/ClassNotFoundException'{0x000000008c7151d8}: org/gradle/api/internal/DefaultDomainObjectCollectionBeanInfo> (0x000000008c7151d8) thrown at [./src/hotspot/share/classfile/systemDictionary.cpp, line 231]
Event: 14.708 Thread 0x000001ab8645e800 Exception <a 'java/lang/ClassNotFoundException'{0x000000008c71b880}: java/util/AbstractCollectionBeanInfo> (0x000000008c71b880) thrown at [./src/hotspot/share/classfile/systemDictionary.cpp, line 231]
Event: 14.709 Thread 0x000001ab8645e800 Exception <a 'java/lang/ClassNotFoundException'{0x000000008c721ed0}: java/util/AbstractCollectionCustomizer> (0x000000008c721ed0) thrown at [./src/hotspot/share/classfile/systemDictionary.cpp, line 231]
Event: 14.712 Thread 0x000001ab8645e800 Exception <a 'java/lang/ClassNotFoundException'{0x000000008c756828}: org/gradle/api/internal/DefaultDomainObjectCollectionCustomizer> (0x000000008c756828) thrown at [./src/hotspot/share/classfile/systemDictionary.cpp, line 231]
Event: 14.715 Thread 0x000001ab8645e800 Exception <a 'java/lang/ClassNotFoundException'{0x000000008c7a0998}: org/gradle/api/internal/DefaultNamedDomainObjectCollectionCustomizer> (0x000000008c7a0998) thrown at [./src/hotspot/share/classfile/systemDictionary.cpp, line 231]
Event: 14.730 Thread 0x000001ab8645e800 Exception <a 'java/lang/ClassNotFoundException'{0x000000008c61af88}: org/gradle/api/internal/DefaultNamedDomainObjectListCustomizer> (0x000000008c61af88) thrown at [./src/hotspot/share/classfile/systemDictionary.cpp, line 231]
Event: 14.759 Thread 0x000001ab8645e800 Exception <a 'java/lang/ClassNotFoundException'{0x000000008c671f60}: org/gradle/api/internal/artifacts/DefaultArtifactRepositoryContainerCustomizer> (0x000000008c671f60) thrown at [./src/hotspot/share/classfile/systemDictionary.cpp, line 231]
Event: 14.763 Thread 0x000001ab8645e800 Exception <a 'java/lang/ClassNotFoundException'{0x000000008c6bd780}: org/gradle/api/internal/artifacts/dsl/DefaultRepositoryHandlerCustomizer> (0x000000008c6bd780) thrown at [./src/hotspot/share/classfile/systemDictionary.cpp, line 231]
Event: 14.769 Thread 0x000001ab8645e800 Exception <a 'java/lang/ClassNotFoundException'{0x000000008c51b5b8}: org/gradle/api/internal/artifacts/dsl/DefaultRepositoryHandler_DecoratedCustomizer> (0x000000008c51b5b8) thrown at [./src/hotspot/share/classfile/systemDictionary.cpp, line 231]
Event: 14.979 Thread 0x000001ab8645e800 Exception <a 'java/lang/NoSuchMethodError'{0x000000008c128150}: 'void java.lang.invoke.DirectMethodHandle$Holder.invokeInterface(java.lang.Object, java.lang.Object)'> (0x000000008c128150) thrown at [./src/hotspot/share/interpreter/linkResolver.cpp, line 773]

Events (20 events):
Event: 15.107 loading class org/gradle/internal/snapshot/AbstractIncompleteFileSystemNode$2 done
Event: 15.108 loading class org/gradle/internal/snapshot/SingletonChildMap$2
Event: 15.108 loading class org/gradle/internal/snapshot/SingletonChildMap$2 done
Event: 15.142 loading class org/gradle/internal/snapshot/AbstractStorePathRelationshipHandler
Event: 15.142 loading class org/gradle/internal/snapshot/AbstractStorePathRelationshipHandler done
Event: 15.144 loading class org/gradle/internal/snapshot/PathUtil$1
Event: 15.144 loading class org/gradle/internal/snapshot/PathUtil$1 done
Event: 15.144 loading class org/gradle/internal/snapshot/FileSystemNode
Event: 15.144 loading class org/gradle/internal/snapshot/FileSystemNode done
Event: 15.144 loading class org/gradle/internal/snapshot/FileSystemNode
Event: 15.144 loading class org/gradle/internal/snapshot/FileSystemNode done
Event: 15.144 loading class org/gradle/internal/snapshot/AbstractIncompleteFileSystemNode$2
Event: 15.144 loading class org/gradle/internal/snapshot/AbstractIncompleteFileSystemNode$2 done
Event: 15.146 loading class org/gradle/internal/snapshot/MetadataSnapshot
Event: 15.146 loading class org/gradle/internal/snapshot/MetadataSnapshot done
Event: 15.146 loading class org/gradle/internal/snapshot/MetadataSnapshot
Event: 15.146 loading class org/gradle/internal/snapshot/MetadataSnapshot done
Event: 15.147 loading class org/gradle/internal/snapshot/AbstractIncompleteFileSystemNode$2
Event: 15.147 loading class org/gradle/internal/snapshot/AbstractIncompleteFileSystemNode$2 done
Event: 15.150 Thread 0x000001ab8879c000 Thread added: 0x000001ab8879c000


Dynamic libraries:
0x00007ff69b450000 - 0x00007ff69b45a000 	C:\Program Files\Android\Android Studio\jre\bin\java.exe
0x00007ffadbb60000 - 0x00007ffadbd69000 	C:\WINDOWS\SYSTEM32\ntdll.dll
0x00007ffadae10000 - 0x00007ffadaecd000 	C:\WINDOWS\System32\KERNEL32.DLL
0x00007ffad9050000 - 0x00007ffad93c9000 	C:\WINDOWS\System32\KERNELBASE.dll
0x00007ffad9530000 - 0x00007ffad9641000 	C:\WINDOWS\System32\ucrtbase.dll
0x00007ffabf610000 - 0x00007ffabf627000 	C:\Program Files\Android\Android Studio\jre\bin\VCRUNTIME140.dll
0x00007ffabf5c0000 - 0x00007ffabf5d9000 	C:\Program Files\Android\Android Studio\jre\bin\jli.dll
0x00007ffadaed0000 - 0x00007ffadb07c000 	C:\WINDOWS\System32\USER32.dll
0x00007ffad9770000 - 0x00007ffad9796000 	C:\WINDOWS\System32\win32u.dll
0x00007ffadb770000 - 0x00007ffadb799000 	C:\WINDOWS\System32\GDI32.dll
0x00007ffad9650000 - 0x00007ffad9762000 	C:\WINDOWS\System32\gdi32full.dll
0x00007ffabc420000 - 0x00007ffabc6c5000 	C:\WINDOWS\WinSxS\amd64_microsoft.windows.common-controls_6595b64144ccf1df_6.0.22000.120_none_9d947278b86cc467\COMCTL32.dll
0x00007ffad9490000 - 0x00007ffad952d000 	C:\WINDOWS\System32\msvcp_win.dll
0x00007ffada0c0000 - 0x00007ffada163000 	C:\WINDOWS\System32\msvcrt.dll
0x00007ffad9a00000 - 0x00007ffad9a31000 	C:\WINDOWS\System32\IMM32.DLL
0x00007ffa7d2a0000 - 0x00007ffa7d33d000 	C:\Program Files\Android\Android Studio\jre\bin\msvcp140.dll
0x00007ffa44090000 - 0x00007ffa44b75000 	C:\Program Files\Android\Android Studio\jre\bin\server\jvm.dll
0x00007ffada210000 - 0x00007ffada2be000 	C:\WINDOWS\System32\ADVAPI32.dll
0x00007ffadb170000 - 0x00007ffadb20e000 	C:\WINDOWS\System32\sechost.dll
0x00007ffadb2c0000 - 0x00007ffadb3e0000 	C:\WINDOWS\System32\RPCRT4.dll
0x00007ffada170000 - 0x00007ffada178000 	C:\WINDOWS\System32\PSAPI.DLL
0x00007ffac8700000 - 0x00007ffac870a000 	C:\WINDOWS\SYSTEM32\VERSION.dll
0x00007ffacdf80000 - 0x00007ffacdfb3000 	C:\WINDOWS\SYSTEM32\WINMM.dll
0x00007ffad41f0000 - 0x00007ffad41f9000 	C:\WINDOWS\SYSTEM32\WSOCK32.dll
0x00007ffada4d0000 - 0x00007ffada53f000 	C:\WINDOWS\System32\WS2_32.dll
0x00007ffad8240000 - 0x00007ffad8258000 	C:\WINDOWS\SYSTEM32\kernel.appcore.dll
0x00007ffad3fe0000 - 0x00007ffad3ff1000 	C:\Program Files\Android\Android Studio\jre\bin\verify.dll
0x00007ffad6570000 - 0x00007ffad6791000 	C:\WINDOWS\SYSTEM32\DBGHELP.DLL
0x00007ffab7470000 - 0x00007ffab74a1000 	C:\WINDOWS\SYSTEM32\dbgcore.DLL
0x00007ffad97a0000 - 0x00007ffad981f000 	C:\WINDOWS\System32\bcryptPrimitives.dll
0x00007ffad2690000 - 0x00007ffad26b9000 	C:\Program Files\Android\Android Studio\jre\bin\java.dll
0x00007ffad40d0000 - 0x00007ffad40db000 	C:\Program Files\Android\Android Studio\jre\bin\jimage.dll
0x00007ffad3d40000 - 0x00007ffad3d58000 	C:\Program Files\Android\Android Studio\jre\bin\zip.dll
0x00007ffada660000 - 0x00007ffadae0f000 	C:\WINDOWS\System32\SHELL32.dll
0x00007ffad71c0000 - 0x00007ffad7a28000 	C:\WINDOWS\SYSTEM32\windows.storage.dll
0x00007ffadb7a0000 - 0x00007ffadbb18000 	C:\WINDOWS\System32\combase.dll
0x00007ffad7050000 - 0x00007ffad71b6000 	C:\WINDOWS\SYSTEM32\wintypes.dll
0x00007ffada2c0000 - 0x00007ffada3aa000 	C:\WINDOWS\System32\SHCORE.dll
0x00007ffad9eb0000 - 0x00007ffad9f0d000 	C:\WINDOWS\System32\shlwapi.dll
0x00007ffad8f80000 - 0x00007ffad8fa1000 	C:\WINDOWS\SYSTEM32\profapi.dll
0x00007ffac8680000 - 0x00007ffac869a000 	C:\Program Files\Android\Android Studio\jre\bin\net.dll
0x00007ffad0220000 - 0x00007ffad032c000 	C:\WINDOWS\SYSTEM32\WINHTTP.dll
0x00007ffad8670000 - 0x00007ffad86d7000 	C:\WINDOWS\system32\mswsock.dll
0x00007ffac3770000 - 0x00007ffac3784000 	C:\Program Files\Android\Android Studio\jre\bin\nio.dll
0x00007ffaabd10000 - 0x00007ffaabd37000 	C:\Users\khbul\.gradle\native\e1d6ef7f7dcc3fd88c89a11ec53ec762bb8ba0a96d01ffa2cd45eb1d1d8dd5c5\windows-amd64\native-platform.dll
0x00007ffa7da10000 - 0x00007ffa7db54000 	C:\Users\khbul\.gradle\native\5664cfc778a61ccfe75a443a1ab52a65af34e5dc3c78e0209fed803814484fcb\windows-amd64\native-platform-file-events.dll
0x00007fface640000 - 0x00007fface64a000 	C:\Program Files\Android\Android Studio\jre\bin\management.dll
0x00007fface580000 - 0x00007fface58d000 	C:\Program Files\Android\Android Studio\jre\bin\management_ext.dll
0x00007ffad88b0000 - 0x00007ffad88c8000 	C:\WINDOWS\SYSTEM32\CRYPTSP.dll
0x00007ffad81a0000 - 0x00007ffad81d5000 	C:\WINDOWS\system32\rsaenh.dll
0x00007ffad8760000 - 0x00007ffad8789000 	C:\WINDOWS\SYSTEM32\USERENV.dll
0x00007ffad8a30000 - 0x00007ffad8a57000 	C:\WINDOWS\SYSTEM32\bcrypt.dll
0x00007ffad88d0000 - 0x00007ffad88dc000 	C:\WINDOWS\SYSTEM32\CRYPTBASE.dll
0x00007ffad7cf0000 - 0x00007ffad7d1d000 	C:\WINDOWS\SYSTEM32\IPHLPAPI.DLL
0x00007ffadb100000 - 0x00007ffadb109000 	C:\WINDOWS\System32\NSI.dll
0x00007ffad0130000 - 0x00007ffad0149000 	C:\WINDOWS\SYSTEM32\dhcpcsvc6.DLL
0x00007ffad06e0000 - 0x00007ffad06fe000 	C:\WINDOWS\SYSTEM32\dhcpcsvc.DLL
0x00007ffad7d20000 - 0x00007ffad7e08000 	C:\WINDOWS\SYSTEM32\DNSAPI.dll

dbghelp: loaded successfully - version: 4.0.5 - missing functions: none
symbol engine: initialized successfully - sym options: 0x614 - pdb path: .;C:\Program Files\Android\Android Studio\jre\bin;C:\WINDOWS\SYSTEM32;C:\WINDOWS\WinSxS\amd64_microsoft.windows.common-controls_6595b64144ccf1df_6.0.22000.120_none_9d947278b86cc467;C:\Program Files\Android\Android Studio\jre\bin\server;C:\Users\khbul\.gradle\native\e1d6ef7f7dcc3fd88c89a11ec53ec762bb8ba0a96d01ffa2cd45eb1d1d8dd5c5\windows-amd64;C:\Users\khbul\.gradle\native\5664cfc778a61ccfe75a443a1ab52a65af34e5dc3c78e0209fed803814484fcb\windows-amd64

VM Arguments:
jvm_args: --add-opens=java.base/java.util=ALL-UNNAMED --add-opens=java.base/java.lang=ALL-UNNAMED --add-opens=java.base/java.lang.invoke=ALL-UNNAMED --add-opens=java.base/java.util=ALL-UNNAMED --add-opens=java.prefs/java.util.prefs=ALL-UNNAMED --add-opens=java.prefs/java.util.prefs=ALL-UNNAMED --add-opens=java.base/java.nio.charset=ALL-UNNAMED --add-opens=java.base/java.net=ALL-UNNAMED --add-opens=java.base/java.util.concurrent.atomic=ALL-UNNAMED -Xmx2048m -Dfile.encoding=UTF-8 -Duser.country=CA -Duser.language=en -Duser.variant 
java_command: org.gradle.launcher.daemon.bootstrap.GradleDaemon 7.3.3
java_class_path (initial): C:\Users\khbul\.gradle\wrapper\dists\gradle-7.3.3-bin\6a41zxkdtcxs8rphpq6y0069z\gradle-7.3.3\lib\gradle-launcher-7.3.3.jar
Launcher Type: SUN_STANDARD

[Global flags]
     intx CICompilerCount                          = 4                                         {product} {ergonomic}
     uint ConcGCThreads                            = 2                                         {product} {ergonomic}
     uint G1ConcRefinementThreads                  = 8                                         {product} {ergonomic}
   size_t G1HeapRegionSize                         = 1048576                                   {product} {ergonomic}
    uintx GCDrainStackTargetSize                   = 64                                        {product} {ergonomic}
   size_t InitialHeapSize                          = 264241152                                 {product} {ergonomic}
   size_t MarkStackSize                            = 4194304                                   {product} {ergonomic}
   size_t MaxHeapSize                              = 2147483648                                {product} {command line}
   size_t MaxNewSize                               = 1287651328                                {product} {ergonomic}
   size_t MinHeapDeltaBytes                        = 1048576                                   {product} {ergonomic}
    uintx NonNMethodCodeHeapSize                   = 5836300                                {pd product} {ergonomic}
    uintx NonProfiledCodeHeapSize                  = 122910970                              {pd product} {ergonomic}
    uintx ProfiledCodeHeapSize                     = 122910970                              {pd product} {ergonomic}
    uintx ReservedCodeCacheSize                    = 251658240                              {pd product} {ergonomic}
     bool SegmentedCodeCache                       = true                                      {product} {ergonomic}
     bool UseCompressedClassPointers               = true                                 {lp64_product} {ergonomic}
     bool UseCompressedOops                        = true                                 {lp64_product} {ergonomic}
     bool UseG1GC                                  = true                                      {product} {ergonomic}
     bool UseLargePagesIndividualAllocation        = false                                  {pd product} {ergonomic}

Logging:
Log output configuration:
 #0: stdout all=warning uptime,level,tags
 #1: stderr all=off uptime,level,tags

Environment Variables:
PATH=C:\WINDOWS\system32;C:\WINDOWS;C:\WINDOWS\System32\Wbem;C:\WINDOWS\System32\WindowsPowerShell\v1.0\;C:\WINDOWS\System32\OpenSSH\;C:\Program Files (x86)\Common Files\Acronis\SnapAPI\;C:\Program Files (x86)\Common Files\Acronis\VirtualFile\;C:\Program Files (x86)\Common Files\Acronis\VirtualFile64\;C:\Program Files (x86)\Common Files\Acronis\FileProtector\;C:\Program Files (x86)\Common Files\Acronis\FileProtector64\;C:\Program Files\Microsoft SQL Server\Client SDK\ODBC\170\Tools\Binn\;C:\Program Files (x86)\Microsoft SQL Server\150\Tools\Binn\;C:\Program Files\Microsoft SQL Server\150\Tools\Binn\;C:\Program Files\Microsoft SQL Server\150\DTS\Binn\;C:\Program Files (x86)\Microsoft SQL Server\150\DTS\Binn\;C:\Program Files\Azure Data Studio\bin;C:\Program Files\nodejs\;C:\Program Files\dotnet\;C:\Program Files\Microsoft SQL Server\130\Tools\Binn\;C:\Program Files\Git\cmd;C:\Users\khbul\AppData\Local\Microsoft\WindowsApps;;C:\Program Files\Azure Data Studio\bin;C:\Users\khbul\AppData\Local\Programs\Microsoft VS Code\bin;C:\Users\khbul\AppData\Roaming\npm;C:\Users\khbul\.dotnet\tools
USERNAME=khbul
OS=Windows_NT
PROCESSOR_IDENTIFIER=Intel64 Family 6 Model 140 Stepping 1, GenuineIntel



---------------  S Y S T E M  ---------------

OS: Windows 10 , 64 bit Build 22000 (10.0.22000.675)
OS uptime: 25 days 2:24 hours

CPU:total 8 (initial active 8) (4 cores per cpu, 2 threads per core) family 6 model 140 stepping 1 microcode 0x9a, cmov, cx8, fxsr, mmx, sse, sse2, sse3, ssse3, sse4.1, sse4.2, popcnt, avx, avx2, aes, clmul, erms, 3dnowpref, lzcnt, ht, tsc, tscinvbit, bmi1, bmi2, adx, evex, sha, fma

Memory: 4k page, system-wide physical 16026M (1101M free)
TotalPageFile size 26487M (AvailPageFile size 24M)
current process WorkingSet (physical memory assigned to process): 275M, peak: 303M
current process commit charge ("private bytes"): 433M, peak: 464M

vm_info: OpenJDK 64-Bit Server VM (11.0.12+7-b1504.28-7817840) for windows-amd64 JRE (11.0.12+7-b1504.28-7817840), built on Oct 13 2021 22:12:33 by "builder" with MS VC++ 14.0 (VS2015)

END.
